<?xml version="1.0" encoding="UTF-8"?>
<!-- Generated by org.testng.reporters.JUnitXMLReporter -->
<testsuite ignored="0" hostname="DESKTOP-RG41173" failures="0" tests="2" name="HelpCenterMyAccount Page 27 Firefox" time="66.428" errors="0" timestamp="2020-09-04T11:31:38 IST">
  <testcase classname="socaldesignautomation.HelpCenterMyAccount27" name="LinksDesignVerification" time="0.083"/>
  <testcase classname="socaldesignautomation.HelpCenterMyAccount27" name="MyAccountDesignVerification" time="0.07"/>
</testsuite> <!-- HelpCenterMyAccount Page 27 Firefox -->
