<?xml version="1.0" encoding="UTF-8"?>
<!-- Generated by org.testng.reporters.JUnitXMLReporter -->
<testsuite ignored="0" hostname="DESKTOP-RG41173" failures="0" tests="2" name="HelpCenterMyAccount Page 27 Edge" time="41.936" errors="0" timestamp="2020-09-04T11:31:08 IST">
  <testcase classname="socaldesignautomation.HelpCenterMyAccount27" name="LinksDesignVerification" time="0.071"/>
  <testcase classname="socaldesignautomation.HelpCenterMyAccount27" name="MyAccountDesignVerification" time="0.087"/>
</testsuite> <!-- HelpCenterMyAccount Page 27 Edge -->
