<?xml version="1.0" encoding="UTF-8"?>
<!-- Generated by org.testng.reporters.JUnitXMLReporter -->
<testsuite ignored="0" hostname="DESKTOP-RG41173" failures="0" tests="4" name="SocalBillInserts Page 12 Edge" time="60.782" errors="0" timestamp="2020-09-04T11:25:25 IST">
  <testcase classname="socaldesignautomation.SocalBillInserts12" name="BillInsertsAndOtherNoticesDesignVerification" time="0.12"/>
  <testcase classname="socaldesignautomation.SocalBillInserts12" name="EndBlkDesignVerification" time="0.275"/>
  <testcase classname="socaldesignautomation.SocalBillInserts12" name="LinkTextSubBlkDesignVerification" time="0.166"/>
  <testcase classname="socaldesignautomation.SocalBillInserts12" name="YearSubBlkDesignVerification" time="0.619"/>
</testsuite> <!-- SocalBillInserts Page 12 Edge -->
