<?xml version="1.0" encoding="UTF-8"?>
<!-- Generated by org.testng.reporters.JUnitXMLReporter -->
<testsuite ignored="0" hostname="DESKTOP-RG41173" failures="0" tests="5" name="SocalWaysToPay Page 10 Edge" time="58.966" errors="0" timestamp="2020-09-04T11:24:23 IST">
  <testcase classname="socaldesignautomation.SocalWaysToPay10" name="EasyWaysToPayWithMyAccount" time="3.875"/>
  <testcase classname="socaldesignautomation.SocalWaysToPay10" name="PayByCreditOrDebit" time="0.412"/>
  <testcase classname="socaldesignautomation.SocalWaysToPay10" name="PayByHomeBanking" time="0.886"/>
  <testcase classname="socaldesignautomation.SocalWaysToPay10" name="PaymentAccepted" time="0.516"/>
  <testcase classname="socaldesignautomation.SocalWaysToPay10" name="WaysToPay" time="0.382"/>
</testsuite> <!-- SocalWaysToPay Page 10 Edge -->
