<?xml version="1.0" encoding="UTF-8"?>
<!-- Generated by org.testng.reporters.JUnitXMLReporter -->
<testsuite ignored="0" hostname="DESKTOP-RG41173" failures="0" tests="12" name="SocalRebates01 Firefox" time="46.57" errors="0" timestamp="2020-09-01T13:14:52 IST">
  <testcase classname="socaldesignautomation.SocalRebates01" name="BusinessRebatesDesignVerification" time="0.188"/>
  <testcase classname="socaldesignautomation.SocalRebates01" name="ConnectWithUsFooterDesignVerification" time="0.061"/>
  <testcase classname="socaldesignautomation.SocalRebates01" name="EnergyEfficiencyFinancingDesignVerification" time="0.19"/>
  <testcase classname="socaldesignautomation.SocalRebates01" name="FooterDesignVerification" time="0.064"/>
  <testcase classname="socaldesignautomation.SocalRebates01" name="FooterDisclaimerTextDesignVerification" time="0.224"/>
  <testcase classname="socaldesignautomation.SocalRebates01" name="LogoIsPresentOrNotVerification" time="0.04"/>
  <testcase classname="socaldesignautomation.SocalRebates01" name="MainNavHeaderDesignVerification" time="0.06"/>
  <testcase classname="socaldesignautomation.SocalRebates01" name="RebatesAndIncentiveDesignVerification" time="0.096"/>
  <testcase classname="socaldesignautomation.SocalRebates01" name="ResidentialRebatesDesignVerification" time="0.068"/>
  <testcase classname="socaldesignautomation.SocalRebates01" name="SearchSoCalGasDesignVerification" time="0.02"/>
  <testcase classname="socaldesignautomation.SocalRebates01" name="SoCalGasMarketPlaceDesignVerification" time="0.052"/>
  <testcase classname="socaldesignautomation.SocalRebates01" name="UtilityNavHearderDesignVerificatin" time="0.04"/>
</testsuite> <!-- SocalRebates01 Firefox -->
