<?xml version="1.0" encoding="UTF-8"?>
<!-- Generated by org.testng.reporters.JUnitXMLReporter -->
<testsuite ignored="0" hostname="DESKTOP-RG41173" failures="0" tests="4" name="SocalScheduleService Page 16 Chrome" time="52.951" errors="0" timestamp="2020-09-04T11:26:45 IST">
  <testcase classname="socaldesignautomation.SocalScheduleService16" name="PilotRelightDesignVerification" time="0.335"/>
  <testcase classname="socaldesignautomation.SocalScheduleService16" name="ReportANaturalGasLeakDesignVerification" time="2.952"/>
  <testcase classname="socaldesignautomation.SocalScheduleService16" name="ScheduleServiceDesignVerification" time="0.245"/>
  <testcase classname="socaldesignautomation.SocalScheduleService16" name="TransferServiceDesignVerification" time="0.45"/>
</testsuite> <!-- SocalScheduleService Page 16 Chrome -->
