<?xml version="1.0" encoding="UTF-8"?>
<!-- Generated by org.testng.reporters.JUnitXMLReporter -->
<testsuite ignored="0" hostname="DESKTOP-RG41173" failures="0" tests="9" name="SocalBusinessRebates Page 02 Chrome" time="56.647" errors="0" timestamp="2020-09-04T11:21:02 IST">
  <testcase classname="socaldesignautomation.SocalBusinessRebates02" name="BusinessMyAccountDesignVerification" time="0.599"/>
  <testcase classname="socaldesignautomation.SocalBusinessRebates02" name="CommercialDirectInstallProgramDesignVerification" time="0.855"/>
  <testcase classname="socaldesignautomation.SocalBusinessRebates02" name="DoBusinessWithUsDesignVerification" time="1.082"/>
  <testcase classname="socaldesignautomation.SocalBusinessRebates02" name="EnergyEfficiencyThirdpartyProgramsDesignVerification" time="0.68"/>
  <testcase classname="socaldesignautomation.SocalBusinessRebates02" name="EnergySavingTipsAndToolsDesignVerification" time="1.35"/>
  <testcase classname="socaldesignautomation.SocalBusinessRebates02" name="NaturalGasRatesExplainedDesignVerification" time="0.681"/>
  <testcase classname="socaldesignautomation.SocalBusinessRebates02" name="RebatesAndIncentivesDesignVerification" time="0.431"/>
  <testcase classname="socaldesignautomation.SocalBusinessRebates02" name="SmallAndMediumBusinessDesignVerification" time="0.331"/>
  <testcase classname="socaldesignautomation.SocalBusinessRebates02" name="TradeProfessionalProgramDesignVerification" time="0.318"/>
</testsuite> <!-- SocalBusinessRebates Page 02 Chrome -->
