<?xml version="1.0" encoding="UTF-8"?>
<!-- Generated by org.testng.reporters.JUnitXMLReporter -->
<testsuite ignored="0" hostname="DESKTOP-RG41173" failures="0" tests="12" name="SocalRebates01 Chrome" time="26.869" errors="0" timestamp="2020-09-01T13:14:32 IST">
  <testcase classname="socaldesignautomation.SocalRebates01" name="BusinessRebatesDesignVerification" time="0.348"/>
  <testcase classname="socaldesignautomation.SocalRebates01" name="ConnectWithUsFooterDesignVerification" time="0.095"/>
  <testcase classname="socaldesignautomation.SocalRebates01" name="EnergyEfficiencyFinancingDesignVerification" time="0.316"/>
  <testcase classname="socaldesignautomation.SocalRebates01" name="FooterDesignVerification" time="0.104"/>
  <testcase classname="socaldesignautomation.SocalRebates01" name="FooterDisclaimerTextDesignVerification" time="0.104"/>
  <testcase classname="socaldesignautomation.SocalRebates01" name="LogoIsPresentOrNotVerification" time="0.06"/>
  <testcase classname="socaldesignautomation.SocalRebates01" name="MainNavHeaderDesignVerification" time="0.212"/>
  <testcase classname="socaldesignautomation.SocalRebates01" name="RebatesAndIncentiveDesignVerification" time="1.048"/>
  <testcase classname="socaldesignautomation.SocalRebates01" name="ResidentialRebatesDesignVerification" time="0.316"/>
  <testcase classname="socaldesignautomation.SocalRebates01" name="SearchSoCalGasDesignVerification" time="0.1"/>
  <testcase classname="socaldesignautomation.SocalRebates01" name="SoCalGasMarketPlaceDesignVerification" time="1.064"/>
  <testcase classname="socaldesignautomation.SocalRebates01" name="UtilityNavHearderDesignVerificatin" time="0.291"/>
</testsuite> <!-- SocalRebates01 Chrome -->
