<?xml version="1.0" encoding="UTF-8"?>
<!-- Generated by org.testng.reporters.JUnitXMLReporter -->
<testsuite ignored="0" hostname="DESKTOP-RG41173" failures="0" tests="3" name="SocalContactUs Page 09 Chrome" time="39.441" errors="0" timestamp="2020-09-04T11:23:26 IST">
  <testcase classname="socaldesignautomation.SocalContactUs09" name="ContactTitle" time="0.092"/>
  <testcase classname="socaldesignautomation.SocalContactUs09" name="ForGasEmergenciesORSafetyIssues" time="0.281"/>
  <testcase classname="socaldesignautomation.SocalContactUs09" name="NewsroomDesignVerification" time="0.308"/>
</testsuite> <!-- SocalContactUs Page 09 Chrome -->
