<?xml version="1.0" encoding="UTF-8"?>
<!-- Generated by org.testng.reporters.JUnitXMLReporter -->
<testsuite ignored="0" hostname="DESKTOP-RG41173" failures="0" tests="2" name="SocalBillingandPayment Page 21 Firefox" time="142.373" errors="0" timestamp="2020-09-04T11:30:32 IST">
  <testcase classname="socaldesignautomation.SocalBillingandPayment21" name="BillingandPaymentDesignVerification" time="0.108"/>
  <testcase classname="socaldesignautomation.SocalBillingandPayment21" name="LinkTextdesignVerification" time="0.236"/>
</testsuite> <!-- SocalBillingandPayment Page 21 Firefox -->
