<?xml version="1.0" encoding="UTF-8"?>
<!-- Generated by org.testng.reporters.JUnitXMLReporter -->
<testsuite ignored="0" hostname="DESKTOP-RG41173" failures="0" tests="5" name="SocalWaysToPay Page 10 Firefox" time="145.84" errors="0" timestamp="2020-09-04T11:25:52 IST">
  <testcase classname="socaldesignautomation.SocalWaysToPay10" name="EasyWaysToPayWithMyAccount" time="0.297"/>
  <testcase classname="socaldesignautomation.SocalWaysToPay10" name="PayByCreditOrDebit" time="0.345"/>
  <testcase classname="socaldesignautomation.SocalWaysToPay10" name="PayByHomeBanking" time="0.059"/>
  <testcase classname="socaldesignautomation.SocalWaysToPay10" name="PaymentAccepted" time="0.039"/>
  <testcase classname="socaldesignautomation.SocalWaysToPay10" name="WaysToPay" time="0.043"/>
</testsuite> <!-- SocalWaysToPay Page 10 Firefox -->
