<?xml version="1.0" encoding="UTF-8"?>
<!-- Generated by org.testng.reporters.JUnitXMLReporter -->
<testsuite ignored="0" hostname="DESKTOP-RG41173" failures="0" tests="6" name="SocalWaytoPayYourBill Page 24 Edge" time="41.546" errors="0" timestamp="2020-09-04T11:30:03 IST">
  <testcase classname="socaldesignautomation.SocalWaytoPayYourBill24" name="BillMatrixDesignVerification" time="0.291"/>
  <testcase classname="socaldesignautomation.SocalWaytoPayYourBill24" name="BusinessMyAccountDesignVerification" time="0.142"/>
  <testcase classname="socaldesignautomation.SocalWaytoPayYourBill24" name="EndParaDesignVerification" time="0.166"/>
  <testcase classname="socaldesignautomation.SocalWaytoPayYourBill24" name="MyAccountDesignVerification" time="0.21"/>
  <testcase classname="socaldesignautomation.SocalWaytoPayYourBill24" name="PayByPhoneDesignVerificaation" time="0.236"/>
  <testcase classname="socaldesignautomation.SocalWaytoPayYourBill24" name="WaysToPayYourBillDesignVerification" time="0.456"/>
</testsuite> <!-- SocalWaytoPayYourBill Page 24 Edge -->
