<?xml version="1.0" encoding="UTF-8"?>
<!-- Generated by org.testng.reporters.JUnitXMLReporter -->
<testsuite ignored="0" hostname="DESKTOP-RG41173" failures="0" tests="3" name="SocalHelpCenter Page 11 Edge" time="53.734" errors="0" timestamp="2020-09-04T11:24:32 IST">
  <testcase classname="socaldesignautomation.SocalHelpCenter11" name="FeaturedSupportCategoriesDesignVerification" time="0.195"/>
  <testcase classname="socaldesignautomation.SocalHelpCenter11" name="FrequentlyAskedQuestionsdesignVerification" time="0.263"/>
  <testcase classname="socaldesignautomation.SocalHelpCenter11" name="HelpCenterTitleDesignVerification" time="0.086"/>
</testsuite> <!-- SocalHelpCenter Page 11 Edge -->
