<?xml version="1.0" encoding="UTF-8"?>
<!-- Generated by org.testng.reporters.JUnitXMLReporter -->
<testsuite ignored="0" hostname="DESKTOP-RG41173" failures="0" tests="8" name="SocalTradepro Page 05 Edge" time="53.599" errors="0" timestamp="2020-09-04T11:22:02 IST">
  <testcase classname="socaldesignautomation.SocalTradepro05" name="AccessTheTradeProDirectoryDesignVerification" time="1.173"/>
  <testcase classname="socaldesignautomation.SocalTradepro05" name="EducationAndTrainingDesignVerification" time="0.472"/>
  <testcase classname="socaldesignautomation.SocalTradepro05" name="EnergyEfficiencyRebatesAndIncentivesDesignVerification" time="0.224"/>
  <testcase classname="socaldesignautomation.SocalTradepro05" name="JoinTheTradeProDirectoryDesignVerification" time="0.315"/>
  <testcase classname="socaldesignautomation.SocalTradepro05" name="ReceiveFullRebateApplicationSupportDesignVerification" time="0.245"/>
  <testcase classname="socaldesignautomation.SocalTradepro05" name="SubscribeToOurQuarterlyNewsletterDesignVerification" time="0.177"/>
  <testcase classname="socaldesignautomation.SocalTradepro05" name="TradeProSpotlightDesignVerification" time="0.247"/>
  <testcase classname="socaldesignautomation.SocalTradepro05" name="TradeProfessionalProgramDesignVerification" time="0.178"/>
</testsuite> <!-- SocalTradepro Page 05 Edge -->
