<?xml version="1.0" encoding="UTF-8"?>
<!-- Generated by org.testng.reporters.JUnitXMLReporter -->
<testsuite ignored="0" hostname="DESKTOP-RG41173" failures="0" tests="3" name="SocalHelpCenter11 Page 11 Firefox" time="132.16" errors="0" timestamp="2020-09-04T11:26:02 IST">
  <testcase classname="socaldesignautomation.SocalHelpCenter11" name="FeaturedSupportCategoriesDesignVerification" time="0.149"/>
  <testcase classname="socaldesignautomation.SocalHelpCenter11" name="FrequentlyAskedQuestionsdesignVerification" time="0.351"/>
  <testcase classname="socaldesignautomation.SocalHelpCenter11" name="HelpCenterTitleDesignVerification" time="0.03"/>
</testsuite> <!-- SocalHelpCenter11 Page 11 Firefox -->
