<?xml version="1.0" encoding="UTF-8"?>
<!-- Generated by org.testng.reporters.JUnitXMLReporter -->
<testsuite ignored="0" hostname="DESKTOP-RG41173" failures="0" tests="8" name="SocalAssistancePrograms Page 22 Edge" time="67.025" errors="0" timestamp="2020-09-04T11:29:23 IST">
  <testcase classname="socaldesignautomation.SocalAssistancePrograms22" name="AssistanceProgramsDesignVerification" time="0.221"/>
  <testcase classname="socaldesignautomation.SocalAssistancePrograms22" name="CaliforniaAlternateRatesForEnergyDesignVerification" time="0.33"/>
  <testcase classname="socaldesignautomation.SocalAssistancePrograms22" name="EndParagraphDesignVerification" time="0.1"/>
  <testcase classname="socaldesignautomation.SocalAssistancePrograms22" name="GasAssistanceFundDesignVerification" time="0.328"/>
  <testcase classname="socaldesignautomation.SocalAssistancePrograms22" name="LowIncomeHomeEnergyAssistanceDesignVerification" time="0.422"/>
  <testcase classname="socaldesignautomation.SocalAssistancePrograms22" name="OtherlanguagesDesignVerification" time="0.215"/>
  <testcase classname="socaldesignautomation.SocalAssistancePrograms22" name="ResidentialDirectInstallProgramDesignVerification" time="0.439"/>
  <testcase classname="socaldesignautomation.SocalAssistancePrograms22" name="UsefulLinksDesignVerification" time="0.289"/>
</testsuite> <!-- SocalAssistancePrograms Page 22 Edge -->
