<?xml version="1.0" encoding="UTF-8"?>
<!-- Generated by org.testng.reporters.JUnitXMLReporter -->
<testsuite ignored="0" hostname="DESKTOP-RG41173" failures="0" tests="8" name="SocalPayBill Page 07 Chrome" time="35.246" errors="0" timestamp="2020-09-04T11:22:33 IST">
  <testcase classname="socaldesignautomation.SocalPayBill07" name="BusinessMyAccountDesignVerification" time="0.398"/>
  <testcase classname="socaldesignautomation.SocalPayBill07" name="LogintoMyAccounttopayYourBillDesignVerification" time="0.277"/>
  <testcase classname="socaldesignautomation.SocalPayBill07" name="ManageHigherBillsDesignVerification" time="0.378"/>
  <testcase classname="socaldesignautomation.SocalPayBill07" name="MyAccountDesignVerfication" time="0.275"/>
  <testcase classname="socaldesignautomation.SocalPayBill07" name="NeedMoreTimeToPayDesignVerification" time="0.235"/>
  <testcase classname="socaldesignautomation.SocalPayBill07" name="PayYourBillsDesignVerification" time="0.178"/>
  <testcase classname="socaldesignautomation.SocalPayBill07" name="UnderstandingYourBillDesignVerification" time="0.342"/>
  <testcase classname="socaldesignautomation.SocalPayBill07" name="WaysToPayDesignVerification" time="0.23"/>
</testsuite> <!-- SocalPayBill Page 07 Chrome -->
