<?xml version="1.0" encoding="UTF-8"?>
<!-- Generated by org.testng.reporters.JUnitXMLReporter -->
<testsuite ignored="0" hostname="DESKTOP-RG41173" failures="0" tests="12" name="SocalRebates01 Edge" time="32.994" errors="0" timestamp="2020-09-01T13:14:38 IST">
  <testcase classname="socaldesignautomation.SocalRebates01" name="BusinessRebatesDesignVerification" time="0.34"/>
  <testcase classname="socaldesignautomation.SocalRebates01" name="ConnectWithUsFooterDesignVerification" time="0.08"/>
  <testcase classname="socaldesignautomation.SocalRebates01" name="EnergyEfficiencyFinancingDesignVerification" time="0.232"/>
  <testcase classname="socaldesignautomation.SocalRebates01" name="FooterDesignVerification" time="0.08"/>
  <testcase classname="socaldesignautomation.SocalRebates01" name="FooterDisclaimerTextDesignVerification" time="0.075"/>
  <testcase classname="socaldesignautomation.SocalRebates01" name="LogoIsPresentOrNotVerification" time="0.033"/>
  <testcase classname="socaldesignautomation.SocalRebates01" name="MainNavHeaderDesignVerification" time="0.094"/>
  <testcase classname="socaldesignautomation.SocalRebates01" name="RebatesAndIncentiveDesignVerification" time="0.206"/>
  <testcase classname="socaldesignautomation.SocalRebates01" name="ResidentialRebatesDesignVerification" time="0.21"/>
  <testcase classname="socaldesignautomation.SocalRebates01" name="SearchSoCalGasDesignVerification" time="0.088"/>
  <testcase classname="socaldesignautomation.SocalRebates01" name="SoCalGasMarketPlaceDesignVerification" time="0.251"/>
  <testcase classname="socaldesignautomation.SocalRebates01" name="UtilityNavHearderDesignVerificatin" time="0.211"/>
</testsuite> <!-- SocalRebates01 Edge -->
