<?xml version="1.0" encoding="UTF-8"?>
<!-- Generated by org.testng.reporters.JUnitXMLReporter -->
<testsuite ignored="0" hostname="DESKTOP-RG41173" failures="0" tests="4" name="SocalScheduleService Page 16 Firefox" time="149.01" errors="0" timestamp="2020-09-04T11:28:31 IST">
  <testcase classname="socaldesignautomation.SocalScheduleService16" name="PilotRelightDesignVerification" time="3.08"/>
  <testcase classname="socaldesignautomation.SocalScheduleService16" name="ReportANaturalGasLeakDesignVerification" time="0.416"/>
  <testcase classname="socaldesignautomation.SocalScheduleService16" name="ScheduleServiceDesignVerification" time="0.274"/>
  <testcase classname="socaldesignautomation.SocalScheduleService16" name="TransferServiceDesignVerification" time="0.211"/>
</testsuite> <!-- SocalScheduleService Page 16 Firefox -->
