<?xml version="1.0" encoding="UTF-8"?>
<!-- Generated by org.testng.reporters.JUnitXMLReporter -->
<testsuite ignored="0" hostname="DESKTOP-RG41173" failures="0" tests="5" name="SocalMyAccount Page 08 Firefox" time="124.373" errors="0" timestamp="2020-09-04T11:24:44 IST">
  <testcase classname="socaldesignautomation.SocalMyAccount08" name="BenefitsOfMyAccount" time="0.129"/>
  <testcase classname="socaldesignautomation.SocalMyAccount08" name="BillManagementDesignVerification" time="3.636"/>
  <testcase classname="socaldesignautomation.SocalMyAccount08" name="LogInToMyAccountt" time="0.12"/>
  <testcase classname="socaldesignautomation.SocalMyAccount08" name="RegisterForMyAccount" time="0.253"/>
  <testcase classname="socaldesignautomation.SocalMyAccount08" name="RegisterForMyAccount_01" time="0.214"/>
</testsuite> <!-- SocalMyAccount Page 08 Firefox -->
