<?xml version="1.0" encoding="UTF-8"?>
<!-- Generated by org.testng.reporters.JUnitXMLReporter -->
<testsuite ignored="0" hostname="DESKTOP-RG41173" failures="0" tests="8" name="SocalPayBill Page 07 Edge" time="85.917" errors="0" timestamp="2020-09-04T11:23:24 IST">
  <testcase classname="socaldesignautomation.SocalPayBill07" name="BusinessMyAccountDesignVerification" time="0.411"/>
  <testcase classname="socaldesignautomation.SocalPayBill07" name="LogintoMyAccounttopayYourBillDesignVerification" time="0.52"/>
  <testcase classname="socaldesignautomation.SocalPayBill07" name="ManageHigherBillsDesignVerification" time="0.781"/>
  <testcase classname="socaldesignautomation.SocalPayBill07" name="MyAccountDesignVerfication" time="0.53"/>
  <testcase classname="socaldesignautomation.SocalPayBill07" name="NeedMoreTimeToPayDesignVerification" time="2.214"/>
  <testcase classname="socaldesignautomation.SocalPayBill07" name="PayYourBillsDesignVerification" time="0.304"/>
  <testcase classname="socaldesignautomation.SocalPayBill07" name="UnderstandingYourBillDesignVerification" time="1.223"/>
  <testcase classname="socaldesignautomation.SocalPayBill07" name="WaysToPayDesignVerification" time="5.204"/>
</testsuite> <!-- SocalPayBill Page 07 Edge -->
