<?xml version="1.0" encoding="UTF-8"?>
<!-- Generated by org.testng.reporters.JUnitXMLReporter -->
<testsuite ignored="0" hostname="DESKTOP-RG41173" failures="0" tests="4" name="SocalScheduleService Page 16 Edge" time="73.013" errors="0" timestamp="2020-09-04T11:27:09 IST">
  <testcase classname="socaldesignautomation.SocalScheduleService16" name="PilotRelightDesignVerification" time="0.384"/>
  <testcase classname="socaldesignautomation.SocalScheduleService16" name="ReportANaturalGasLeakDesignVerification" time="0.9"/>
  <testcase classname="socaldesignautomation.SocalScheduleService16" name="ScheduleServiceDesignVerification" time="3.017"/>
  <testcase classname="socaldesignautomation.SocalScheduleService16" name="TransferServiceDesignVerification" time="7.512"/>
</testsuite> <!-- SocalScheduleService Page 16 Edge -->
