<?xml version="1.0" encoding="UTF-8"?>
<!-- Generated by org.testng.reporters.JUnitXMLReporter -->
<testsuite ignored="0" hostname="DESKTOP-RG41173" failures="0" tests="8" name="SocalTradepro Page 05 Chrome" time="53.087" errors="0" timestamp="2020-09-04T11:21:58 IST">
  <testcase classname="socaldesignautomation.SocalTradepro05" name="AccessTheTradeProDirectoryDesignVerification" time="0.582"/>
  <testcase classname="socaldesignautomation.SocalTradepro05" name="EducationAndTrainingDesignVerification" time="5.174"/>
  <testcase classname="socaldesignautomation.SocalTradepro05" name="EnergyEfficiencyRebatesAndIncentivesDesignVerification" time="3.869"/>
  <testcase classname="socaldesignautomation.SocalTradepro05" name="JoinTheTradeProDirectoryDesignVerification" time="0.794"/>
  <testcase classname="socaldesignautomation.SocalTradepro05" name="ReceiveFullRebateApplicationSupportDesignVerification" time="0.285"/>
  <testcase classname="socaldesignautomation.SocalTradepro05" name="SubscribeToOurQuarterlyNewsletterDesignVerification" time="0.194"/>
  <testcase classname="socaldesignautomation.SocalTradepro05" name="TradeProSpotlightDesignVerification" time="0.334"/>
  <testcase classname="socaldesignautomation.SocalTradepro05" name="TradeProfessionalProgramDesignVerification" time="0.22"/>
</testsuite> <!-- SocalTradepro Page 05 Chrome -->
