<?xml version="1.0" encoding="UTF-8"?>
<!-- Generated by org.testng.reporters.JUnitXMLReporter -->
<testsuite ignored="0" hostname="DESKTOP-RG41173" failures="0" tests="10" name="SocalNaturalgasApplianceRebates Page 14 Edge" time="59.159" errors="0" timestamp="2020-09-04T11:26:20 IST">
  <testcase classname="socaldesignautomation.SocalNaturalgasApplianceRebates14" name="AvailableRebatesDesignVerification" time="0.173"/>
  <testcase classname="socaldesignautomation.SocalNaturalgasApplianceRebates14" name="FurnaceDesignVerification" time="0.238"/>
  <testcase classname="socaldesignautomation.SocalNaturalgasApplianceRebates14" name="GravityWallFurnaceDesignVerification" time="0.216"/>
  <testcase classname="socaldesignautomation.SocalNaturalgasApplianceRebates14" name="ImportantNoticesDesignVerififcation" time="0.368"/>
  <testcase classname="socaldesignautomation.SocalNaturalgasApplianceRebates14" name="NaturalGasFireplaceInsertsDesignVerification" time="0.481"/>
  <testcase classname="socaldesignautomation.SocalNaturalgasApplianceRebates14" name="OtherWaysToApplyForRebatesDesignVerififcation" time="0.346"/>
  <testcase classname="socaldesignautomation.SocalNaturalgasApplianceRebates14" name="SaveMoneyAndEnergyDesignVerification" time="0.16"/>
  <testcase classname="socaldesignautomation.SocalNaturalgasApplianceRebates14" name="SmartThermostatDesignVerification" time="0.261"/>
  <testcase classname="socaldesignautomation.SocalNaturalgasApplianceRebates14" name="SoCalGasMarketPlaceDesignVerification" time="0.461"/>
  <testcase classname="socaldesignautomation.SocalNaturalgasApplianceRebates14" name="WaysToCheckYourRebateStatusDesignVerififcation" time="2.465"/>
</testsuite> <!-- SocalNaturalgasApplianceRebates Page 14 Edge -->
