<?xml version="1.0" encoding="UTF-8"?>
<!-- Generated by org.testng.reporters.JUnitXMLReporter -->
<testsuite ignored="0" hostname="DESKTOP-RG41173" failures="0" tests="8" name="SocalCoronavirus Page 15 Edge" time="62.857" errors="0" timestamp="2020-09-04T11:26:38 IST">
  <testcase classname="socaldesignautomation.SocalCoronavirus15" name="BillPaymentOptionsAndServicesDuringCOVIDDesignVerification" time="0.548"/>
  <testcase classname="socaldesignautomation.SocalCoronavirus15" name="CommunityNewsletterDesignVerification" time="0.169"/>
  <testcase classname="socaldesignautomation.SocalCoronavirus15" name="CoronavirusOurSupportAndResponse" time="0.454"/>
  <testcase classname="socaldesignautomation.SocalCoronavirus15" name="FacilityLimitationsDesignVerification" time="0.665"/>
  <testcase classname="socaldesignautomation.SocalCoronavirus15" name="MultiLanguageBillInfoDesignVerification" time="1.054"/>
  <testcase classname="socaldesignautomation.SocalCoronavirus15" name="ScamAlertDesignVerification" time="0.355"/>
  <testcase classname="socaldesignautomation.SocalCoronavirus15" name="ViewCustomerServiceUpdatesVideoInMultipleLanguageDesignVerification" time="0.174"/>
  <testcase classname="socaldesignautomation.SocalCoronavirus15" name="WhatToExpectForYourNaturalGasServiceDesignVerification" time="0.23"/>
</testsuite> <!-- SocalCoronavirus Page 15 Edge -->
