<?xml version="1.0" encoding="UTF-8"?>
<!-- Generated by org.testng.reporters.JUnitXMLReporter -->
<testsuite ignored="0" hostname="DESKTOP-RG41173" failures="0" tests="10" name="SocalCareers Page 17 Chrome" time="64.414" errors="0" timestamp="2020-09-04T11:27:11 IST">
  <testcase classname="socaldesignautomation.SocalCareers17" name="CareerOpeningsDesignVerification" time="0.256"/>
  <testcase classname="socaldesignautomation.SocalCareers17" name="CareersDesignVerification" time="0.238"/>
  <testcase classname="socaldesignautomation.SocalCareers17" name="EmployeeBenefitsDesignVerification" time="0.504"/>
  <testcase classname="socaldesignautomation.SocalCareers17" name="MilitaryVeteransDesignVerification" time="0.744"/>
  <testcase classname="socaldesignautomation.SocalCareers17" name="OpportunitiesForStudentsAndCollegeGradsDesignVerification" time="0.283"/>
  <testcase classname="socaldesignautomation.SocalCareers17" name="ParttimeCustomerServiceRepresentativeDesignVerification" time="1.754"/>
  <testcase classname="socaldesignautomation.SocalCareers17" name="RecruitmentEventsDesignVerification" time="19.002"/>
  <testcase classname="socaldesignautomation.SocalCareers17" name="RelatedInformationDesignVerification" time="0.182"/>
  <testcase classname="socaldesignautomation.SocalCareers17" name="TheApplicationProcessDesignVerification" time="0.284"/>
  <testcase classname="socaldesignautomation.SocalCareers17" name="WeAreSoCalGasDesignVerification" time="0.263"/>
</testsuite> <!-- SocalCareers Page 17 Chrome -->
