<?xml version="1.0" encoding="UTF-8"?>
<!-- Generated by org.testng.reporters.JUnitXMLReporter -->
<testsuite ignored="0" hostname="DESKTOP-RG41173" failures="0" tests="8" name="SocalCoronavirus Page 15 Firefox" time="153.779" errors="0" timestamp="2020-09-04T11:28:09 IST">
  <testcase classname="socaldesignautomation.SocalCoronavirus15" name="BillPaymentOptionsAndServicesDuringCOVIDDesignVerification" time="0.556"/>
  <testcase classname="socaldesignautomation.SocalCoronavirus15" name="CommunityNewsletterDesignVerification" time="0.943"/>
  <testcase classname="socaldesignautomation.SocalCoronavirus15" name="CoronavirusOurSupportAndResponse" time="0.416"/>
  <testcase classname="socaldesignautomation.SocalCoronavirus15" name="FacilityLimitationsDesignVerification" time="1.313"/>
  <testcase classname="socaldesignautomation.SocalCoronavirus15" name="MultiLanguageBillInfoDesignVerification" time="0.783"/>
  <testcase classname="socaldesignautomation.SocalCoronavirus15" name="ScamAlertDesignVerification" time="2.035"/>
  <testcase classname="socaldesignautomation.SocalCoronavirus15" name="ViewCustomerServiceUpdatesVideoInMultipleLanguageDesignVerification" time="1.127"/>
  <testcase classname="socaldesignautomation.SocalCoronavirus15" name="WhatToExpectForYourNaturalGasServiceDesignVerification" time="0.314"/>
</testsuite> <!-- SocalCoronavirus Page 15 Firefox -->
