<?xml version="1.0" encoding="UTF-8"?>
<!-- Generated by org.testng.reporters.JUnitXMLReporter -->
<testsuite ignored="0" hostname="DESKTOP-RG41173" failures="0" tests="6" name="SocalWaytoPayYourBill Page 24 Chrome" time="29.457" errors="0" timestamp="2020-09-04T11:29:48 IST">
  <testcase classname="socaldesignautomation.SocalWaytoPayYourBill24" name="BillMatrixDesignVerification" time="1.635"/>
  <testcase classname="socaldesignautomation.SocalWaytoPayYourBill24" name="BusinessMyAccountDesignVerification" time="0.57"/>
  <testcase classname="socaldesignautomation.SocalWaytoPayYourBill24" name="EndParaDesignVerification" time="0.137"/>
  <testcase classname="socaldesignautomation.SocalWaytoPayYourBill24" name="MyAccountDesignVerification" time="0.212"/>
  <testcase classname="socaldesignautomation.SocalWaytoPayYourBill24" name="PayByPhoneDesignVerificaation" time="0.799"/>
  <testcase classname="socaldesignautomation.SocalWaytoPayYourBill24" name="WaysToPayYourBillDesignVerification" time="0.359"/>
</testsuite> <!-- SocalWaytoPayYourBill Page 24 Chrome -->
