<?xml version="1.0" encoding="UTF-8"?>
<!-- Generated by org.testng.reporters.JUnitXMLReporter -->
<testsuite ignored="0" hostname="DESKTOP-RG41173" failures="0" tests="5" name="SocalMyAccount Page 08 Chrome" time="36.481" errors="0" timestamp="2020-09-04T11:22:40 IST">
  <testcase classname="socaldesignautomation.SocalMyAccount08" name="BenefitsOfMyAccount" time="0.617"/>
  <testcase classname="socaldesignautomation.SocalMyAccount08" name="BillManagementDesignVerification" time="0.451"/>
  <testcase classname="socaldesignautomation.SocalMyAccount08" name="LogInToMyAccountt" time="0.666"/>
  <testcase classname="socaldesignautomation.SocalMyAccount08" name="RegisterForMyAccount" time="1.172"/>
  <testcase classname="socaldesignautomation.SocalMyAccount08" name="RegisterForMyAccount_01" time="0.173"/>
</testsuite> <!-- SocalMyAccount Page 08 Chrome -->
