<?xml version="1.0" encoding="UTF-8"?>
<!-- Generated by org.testng.reporters.JUnitXMLReporter -->
<testsuite ignored="0" hostname="DESKTOP-RG41173" failures="0" tests="6" name="SocalWaytoPayYourBill Page 24 Firefox" time="110.083" errors="0" timestamp="2020-09-04T11:31:13 IST">
  <testcase classname="socaldesignautomation.SocalWaytoPayYourBill24" name="BillMatrixDesignVerification" time="3.601"/>
  <testcase classname="socaldesignautomation.SocalWaytoPayYourBill24" name="BusinessMyAccountDesignVerification" time="0.135"/>
  <testcase classname="socaldesignautomation.SocalWaytoPayYourBill24" name="EndParaDesignVerification" time="0.1"/>
  <testcase classname="socaldesignautomation.SocalWaytoPayYourBill24" name="MyAccountDesignVerification" time="0.632"/>
  <testcase classname="socaldesignautomation.SocalWaytoPayYourBill24" name="PayByPhoneDesignVerificaation" time="0.057"/>
  <testcase classname="socaldesignautomation.SocalWaytoPayYourBill24" name="WaysToPayYourBillDesignVerification" time="0.044"/>
</testsuite> <!-- SocalWaytoPayYourBill Page 24 Firefox -->
