<?xml version="1.0" encoding="UTF-8"?>
<!-- Generated by org.testng.reporters.JUnitXMLReporter -->
<testsuite ignored="0" hostname="DESKTOP-RG41173" failures="0" tests="2" name="SocalBillAssistance Page 26 Firefox" time="86.39" errors="0" timestamp="2020-09-04T11:31:39 IST">
  <testcase classname="socaldesignautomation.SocalBillAssistance26" name="BillAssistanceDesignVerification" time="0.117"/>
  <testcase classname="socaldesignautomation.SocalBillAssistance26" name="LinksDesignVerification" time="0.044"/>
</testsuite> <!-- SocalBillAssistance Page 26 Firefox -->
