<?xml version="1.0" encoding="UTF-8"?>
<!-- Generated by org.testng.reporters.JUnitReportReporter -->
<testsuite hostname="DESKTOP-RG41173" failures="0" tests="13" name="socaldesignautomation.SocalLinksNavigation" time="463.429" errors="0" timestamp="2020-09-04T11:31:40 IST" skipped="2">
  <testcase classname="socaldesignautomation.SocalLinksNavigation" name="SaveMoneyAndEnergyNavigation" time="51.789"/>
  <system-out>
Total no of links Available: 6 Rebates & Incentives Assistance Programs Energy Saving Tips & Tools Solar Water Heating Natural Gas Vehicles Advanced Meter https://www.socalgas.com/save-money-and-energy/rebates-and-incentives - OK https://www.socalgas.com/save-money-and-energy/assistance-programs - OK https://www.socalgas.com/save-money-and-energy/energy-saving-tips-tools - OK https://www.socalgas.com/save-money-and-energy/solar-water-heating - OK https://www.socalgas.com/save-money-and-energy/natural-gas-vehicles - OK https://www.socalgas.com/save-money-and-energy/advanced-meter - OK  </system-out>
  <testcase classname="socaldesignautomation.SocalLinksNavigation" name="SmartEnergyNavigation" time="40.337"/>
  <system-out>
Total no of links Available: 7 Reliable Natural Gas for the Future Benefits of Natural Gas Renewable Gas Technology & Investments Sustainability at SoCalGas Research and Development Presentations & Webinars https://www.socalgas.com/smart-energy/reliable-natural-gas-for-the-future - OK https://www.socalgas.com/smart-energy/benefits-of-natural-gas - OK https://www.socalgas.com/smart-energy/renewable-gas - OK https://www.socalgas.com/smart-energy/technology-and-investments - OK https://www.socalgas.com/smart-energy/sustainability-at-socalgas - OK https://www.socalgas.com/smart-energy/research-and-development - OK https://www.socalgas.com/smart-energy/presentations-webinars - OK  </system-out>
  <testcase classname="socaldesignautomation.SocalLinksNavigation" name="PayBillsNavigation" time="52.730"/>
  <system-out>
Total no of links Available: 5 My Account Ways to Pay Payment Locations Need More Time to Pay? Understanding Your Bill https://www.socalgas.com/pay-bill/my-account - OK https://www.socalgas.com/pay-bill/ways-to-pay - OK https://www.socalgas.com/pay-bill/ways-to-pay/payment-locations - OK https://www.socalgas.com/pay-bill/need-more-time-to-pay - OK https://www.socalgas.com/pay-bill/understanding-your-bill - OK  </system-out>
  <testcase classname="socaldesignautomation.SocalLinksNavigation" name="FooterLinkNavigation" time="40.083"/>
  <system-out>
Total Size of Footer Links:11 About Us Site Map Terms & Conditions Careers More Languages Energy Usage Request Newsroom Accessibility Center Privacy Rates & Regulatory Unclaimed Property https://www.socalgas.com/about-us - OK https://www.socalgas.com/site-map - OK https://www.socalgas.com/terms-and-conditions - OK https://www.socalgas.com/careers - OK https://www.socalgas.com/more-languages - OK https://www.socalgas.com/for-your-business/energy-savings/energy-usage-requests - OK https://www.socalgas.com/newsroom - OK https://www.socalgas.com/accessibility - OK https://www.socalgas.com/privacy-center - OK https://www.socalgas.com/regulatory - OK https://www.socalgas.com/unclaimed-property - OK  </system-out>
  <testcase classname="socaldesignautomation.SocalLinksNavigation" name="ForYourBusinessNavigation" time="37.850"/>
  <system-out>
Total no of links Available: 9 Business My Account Natural Gas Vehicles for Business Energy Savings Builder Services Energy Market Services Air Quality Services Power Generation Education & Training Small Business https://www.socalgas.com/for-your-business/business-my-account - OK https://www.socalgas.com/for-your-business/natural-gas-vehicles - OK https://www.socalgas.com/for-your-business/energy-savings - OK https://www.socalgas.com/for-your-business/builder-services - OK https://www.socalgas.com/for-your-business/energy-market-services - OK https://www.socalgas.com/for-your-business/air-quality-services - OK https://www.socalgas.com/for-your-business/power-generation - OK https://www.socalgas.com/for-your-business/education-and-training - OK https://www.socalgas.com/for-your-business/energy-savings/small-business - OK  </system-out>
  <testcase classname="socaldesignautomation.SocalLinksNavigation" name="GlobalNavigation" time="37.851"/>
  <system-out>
Total no of links Available: 7 Pay Bill Schedule Service Stay Safe Save Money & Energy For Your Business Smart Energy Our Community https://www.socalgas.com/pay-bill - OK https://www.socalgas.com/schedule-service - OK https://www.socalgas.com/stay-safe - OK https://www.socalgas.com/save-money-and-energy - OK https://www.socalgas.com/for-your-business - OK https://www.socalgas.com/smart-energy - OK https://www.socalgas.com/our-community - OK  </system-out>
  <testcase classname="socaldesignautomation.SocalLinksNavigation" name="ScheduleServiceNavigation" time="44.051"/>
  <system-out>
Total no of links Available: 7 Report a Gas Leak Pilot Relight Moving? Transfer Service Start Service Stop Service Schedule a Service Appointment Look Up Your Start-Service Request https://www.socalgas.com/stay-safe/emergency-information/natural-gas-leaks - OK https://www.socalgas.com/schedule-service/pilot-relight - OK  </system-out>
  <testcase classname="socaldesignautomation.SocalLinksNavigation" name="StaySafeNavigation" time="30.545"/>
  <system-out>
Total no of links Available: 5 Emergency Information Safety & Prevention Pipeline & Storage Safety Methane Emissions Safety Brochures https://www.socalgas.com/stay-safe/emergency-information - OK https://www.socalgas.com/stay-safe/safety-and-prevention - OK https://www.socalgas.com/stay-safe/pipeline-and-storage-safety - OK https://www.socalgas.com/stay-safe/methane-emissions - OK https://www.socalgas.com/stay-safe/safety-brochures - OK  </system-out>
  <testcase classname="socaldesignautomation.SocalLinksNavigation" name="UtilityNavLinksNavigation" time="38.646"/>
  <system-out>
Total Size of Utility Nav Links:5 Report a Gas Leak En Español Contact Us Help Center Log in/Register https://www.socalgas.com/report-gas-leak - OK https://www.socalgas.com/es/home - OK https://www.socalgas.com/about-us/contact-us - OK https://www.socalgas.com/help-center - OK https://myaccount.socalgas.com/ - OK  </system-out>
  <testcase classname="socaldesignautomation.SocalLinksNavigation" name="OurCommunityNavigation" time="24.769"/>
  <system-out>
Total no of links Available: 1 Areas of Giving https://www.socalgas.com/our-community-areas-of-giving - OK  </system-out>
  <testcase classname="socaldesignautomation.SocalLinksNavigation" name="ConnectWithUsNavigation" time="64.778"/>
  <system-out>
Total Size of Social Links:5 Facebook
. Opens in a new window. Twitter
. Opens in a new window. Linkedin
. Opens in a new window. Youtube
. Opens in a new window. Instagram
. Opens in a new window. https://facebook.com/socalgas - OK https://twitter.com/socalgas - OK  </system-out>
  <testcase classname="socaldesignautomation.SocalLinksNavigation" name="f">
    <skipped/>
  </testcase> <!-- f -->
  <system-out/>
  <testcase classname="socaldesignautomation.SocalLinksNavigation" name="FooterLogoNavigation">
    <skipped/>
  </testcase> <!-- FooterLogoNavigation -->
  <system-out/>
</testsuite> <!-- socaldesignautomation.SocalLinksNavigation -->
